<?xml version="1.0" encoding="UTF-8"?>
<robot generator="Robot 7.1.1 (Python 3.12.3 on linux)" generated="2025-04-03T12:34:05.956993" rpa="false" schemaversion="5">
<suite id="s1" name="Tests" source="/home/ferreira/Documentos/GitHub/test-pick-robot/tests">
<suite id="s1-s1" name="HomePage" source="/home/ferreira/Documentos/GitHub/test-pick-robot/tests/HomePage.robot">
<test id="s1-s1-t1" name="Cenário: 01 - Selecionar e adicionar um framework com sucesso" line="10">
<kw name="Start Browser" owner="OpenPage" type="SETUP">
<kw name="New Browser" owner="Browser">
<msg time="2025-04-03T12:34:06.207031" level="INFO">{"browser": "chromium", "headless": false, "chromiumSandbox": false, "devtools": false, "handleSIGHUP": true, "handleSIGINT": true, "handleSIGTERM": true, "slowMo": 0.0, "timeout": 30000.0, "tracesDir": "/home/ferreira/Documentos/GitHub/test-pick-robot/logs/browser/traces/temp/f191634a-2a85-4fb8-a8a1-a7945c3ad7dc"}</msg>
<msg time="2025-04-03T12:34:06.210637" level="INFO">Starting Browser process /home/ferreira/Documentos/GitHub/test-pick-robot/venv/lib/python3.12/site-packages/Browser/wrapper/index.js using port 60273</msg>
<msg time="2025-04-03T12:34:06.210759" level="INFO">Node startup parameters: ['node', '/home/ferreira/Documentos/GitHub/test-pick-robot/venv/lib/python3.12/site-packages/Browser/wrapper/index.js', '60273']</msg>
<msg time="2025-04-03T12:34:06.741248" level="INFO">Successfully created browser with options: {"browser":"chromium","headless":false,"chromiumSandbox":false,"devtools":false,"handleSIGHUP":true,"handleSIGINT":true,"handleSIGTERM":true,"slowMo":0,"timeout":30000,"tracesDir":"/home/ferreira/Documentos/GitHub/test-pick-robot/logs/browser/traces/temp/f191634a-2a85-4fb8-a8a1-a7945c3ad7dc"}</msg>
<arg>browser=${BROWSER}</arg>
<arg>headless=${IS_HEADLESS}</arg>
<tag>BrowserControl</tag>
<tag>Setter</tag>
<doc>Create a new playwright Browser with specified options.</doc>
<status status="PASS" start="2025-04-03T12:34:06.206525" elapsed="0.534866"/>
</kw>
<kw name="New Context" owner="Browser">
<msg time="2025-04-03T12:34:06.743187" level="INFO">{
  "acceptDownloads": true,
  "bypassCSP": false,
  "forcedColors": "none",
  "ignoreHTTPSErrors": false,
  "javaScriptEnabled": true,
  "offline": false,
  "recordVideo": {
    "dir": "/home/ferreira/Documentos/GitHub/test-pick-robot/logs/browser/video/videos",
    "size": {
      "height": 720,
      "width": 1280
    }
  },
  "reducedMotion": "no-preference",
  "serviceWorkers": "allow",
  "viewport": {
    "height": 720,
    "width": 1280
  }
}</msg>
<msg time="2025-04-03T12:34:06.757489" level="INFO">Successfully created context. </msg>
<msg time="2025-04-03T12:34:06.757550" level="INFO">{'acceptDownloads': True, 'bypassCSP': False, 'forcedColors': 'none', 'ignoreHTTPSErrors': False, 'javaScriptEnabled': True, 'offline': False, 'recordVideo': {'dir': '/home/ferreira/Documentos/GitHub/test-pick-robot/logs/browser/video/videos', 'size': {'height': 720, 'width': 1280}}, 'reducedMotion': 'no-preference', 'serviceWorkers': 'allow', 'viewport': {'height': 720, 'width': 1280}}</msg>
<arg>recordVideo={"dir": "videos/"}</arg>
<tag>BrowserControl</tag>
<tag>Setter</tag>
<doc>Create a new BrowserContext with specified options.</doc>
<status status="PASS" start="2025-04-03T12:34:06.741901" elapsed="0.015729"/>
</kw>
<kw name="New Page" owner="Browser">
<msg time="2025-04-03T12:34:07.264348" level="INFO">Successfully initialized new page object and opened url: https://testpick.vercel.app/</msg>
<msg time="2025-04-03T12:34:07.264561" level="INFO" html="true">&lt;/td&gt;&lt;/tr&gt;&lt;tr&gt;&lt;td colspan="3"&gt;&lt;video width="1280" height="720" controls&gt;&lt;source src="browser/video/videos/6ca81d352b87d41d14d6825cafea5520.webm" type="video/webm"&gt;&lt;/video&gt;</msg>
<arg>${BASE_URL}</arg>
<tag>BrowserControl</tag>
<tag>Setter</tag>
<doc>Open a new Page.</doc>
<status status="PASS" start="2025-04-03T12:34:06.758061" elapsed="0.506589"/>
</kw>
<status status="PASS" start="2025-04-03T12:34:06.205808" elapsed="1.059170"/>
</kw>
<kw name="Generate Words" owner="utils">
<msg time="2025-04-03T12:34:07.265478" level="INFO">${description} = cum asperiores dolore quos excepturi</msg>
<var>${description}</var>
<arg>5</arg>
<status status="PASS" start="2025-04-03T12:34:07.265215" elapsed="0.000288"/>
</kw>
<kw name="Name" owner="FakerLibrary">
<msg time="2025-04-03T12:34:07.265967" level="INFO">${name} = Srta. Heloisa Silva</msg>
<var>${name}</var>
<doc>:example: 'John Doe'</doc>
<status status="PASS" start="2025-04-03T12:34:07.265781" elapsed="0.000207"/>
</kw>
<kw name="Email" owner="FakerLibrary">
<msg time="2025-04-03T12:34:07.266402" level="INFO">${email} = matheus11@example.com</msg>
<var>${email}</var>
<status status="PASS" start="2025-04-03T12:34:07.266221" elapsed="0.000208"/>
</kw>
<kw name="Dado que estou na página inicial" owner="HomePage">
<kw name="Wait For Elements State" owner="Browser">
<msg time="2025-04-03T12:34:07.300037" level="INFO">Waited for Element with selector css=h1 &gt;&gt; text=Test Pick at state visible</msg>
<arg>${homePage.title}</arg>
<arg>visible</arg>
<tag>PageContent</tag>
<tag>Wait</tag>
<doc>Waits for the element found by ``selector`` to satisfy state option.</doc>
<status status="PASS" start="2025-04-03T12:34:07.266903" elapsed="0.033262"/>
</kw>
<status status="PASS" start="2025-04-03T12:34:07.266678" elapsed="0.033842"/>
</kw>
<kw name="E selecione um framework &quot;Cypress&quot;" owner="HomePage" source_name="E selecione um framework ${framework}">
<kw name="Click" owner="Browser">
<msg time="2025-04-03T12:34:07.301564" level="INFO">Clicks the element 'css=[data-testid="select-framework"]'.</msg>
<arg>${homePage.selectFramework}</arg>
<tag>PageContent</tag>
<tag>Setter</tag>
<doc>Simulates mouse click on the element found by ``selector``.</doc>
<status status="PASS" start="2025-04-03T12:34:07.301048" elapsed="0.061270"/>
</kw>
<kw name="Set Variable" owner="BuiltIn">
<msg time="2025-04-03T12:34:07.363558" level="INFO">${frameworkOptions} = css=div[role="option"] &gt;&gt; text="Cypress"</msg>
<var>${frameworkOptions}</var>
<arg>${homePage.selectFrameworkOptions} &gt;&gt; text=${framework}</arg>
<doc>Returns the given values which can then be assigned to a variables.</doc>
<status status="PASS" start="2025-04-03T12:34:07.362874" elapsed="0.000715"/>
</kw>
<kw name="Wait For Elements State" owner="Browser">
<msg time="2025-04-03T12:34:07.369357" level="INFO">Waited for Element with selector css=div[role="option"] &gt;&gt; text="Cypress" at state visible</msg>
<arg>${frameworkOptions}</arg>
<arg>visible</arg>
<tag>PageContent</tag>
<tag>Wait</tag>
<doc>Waits for the element found by ``selector`` to satisfy state option.</doc>
<status status="PASS" start="2025-04-03T12:34:07.363867" elapsed="0.005705"/>
</kw>
<kw name="Click" owner="Browser">
<msg time="2025-04-03T12:34:07.370555" level="INFO">Clicks the element 'css=div[role="option"] &gt;&gt; text="Cypress"'.</msg>
<arg>${frameworkOptions}</arg>
<tag>PageContent</tag>
<tag>Setter</tag>
<doc>Simulates mouse click on the element found by ``selector``.</doc>
<status status="PASS" start="2025-04-03T12:34:07.370063" elapsed="0.266281"/>
</kw>
<status status="PASS" start="2025-04-03T12:34:07.300790" elapsed="0.336424"/>
</kw>
<kw name="E preencha o texto de descrição ${description}" owner="HomePage" source_name="E preencha o texto de descrição ${description}">
<kw name="Click" owner="Browser">
<msg time="2025-04-03T12:34:07.639810" level="INFO">Clicks the element 'css=#description'.</msg>
<arg>${homePage.textAreaDescription}</arg>
<tag>PageContent</tag>
<tag>Setter</tag>
<doc>Simulates mouse click on the element found by ``selector``.</doc>
<status status="PASS" start="2025-04-03T12:34:07.638767" elapsed="0.042864"/>
</kw>
<kw name="Wait For Elements State" owner="Browser">
<msg time="2025-04-03T12:34:07.686682" level="INFO">Waited for Element with selector css=#description at state visible</msg>
<arg>${homePage.textAreaDescription}</arg>
<arg>visible</arg>
<tag>PageContent</tag>
<tag>Wait</tag>
<doc>Waits for the element found by ``selector`` to satisfy state option.</doc>
<status status="PASS" start="2025-04-03T12:34:07.682070" elapsed="0.004821"/>
</kw>
<kw name="Fill Text" owner="Browser">
<msg time="2025-04-03T12:34:07.688167" level="INFO">Fills the text 'cum asperiores dolore quos excepturi' in the given field.</msg>
<arg>${homePage.textAreaDescription}</arg>
<arg>${description}</arg>
<tag>PageContent</tag>
<tag>Setter</tag>
<doc>Clears and fills the given ``txt`` into the text field found by ``selector``.</doc>
<status status="PASS" start="2025-04-03T12:34:07.687362" elapsed="0.015980"/>
</kw>
<status status="PASS" start="2025-04-03T12:34:07.638047" elapsed="0.065866"/>
</kw>
<kw name="E informe o nome do usuário ${name}" owner="HomePage" source_name="E informe o nome do usuário ${name}">
<kw name="Click" owner="Browser">
<msg time="2025-04-03T12:34:07.705387" level="INFO">Clicks the element 'css=.email[placeholder="Digite seu e-mail"]'.</msg>
<arg>${homePage.inputEmail}</arg>
<tag>PageContent</tag>
<tag>Setter</tag>
<doc>Simulates mouse click on the element found by ``selector``.</doc>
<status status="PASS" start="2025-04-03T12:34:07.704802" elapsed="0.044032"/>
</kw>
<kw name="Wait For Elements State" owner="Browser">
<msg time="2025-04-03T12:34:07.754114" level="INFO">Waited for Element with selector css=[name="name"] at state visible</msg>
<arg>${homePage.inputName}</arg>
<arg>visible</arg>
<tag>PageContent</tag>
<tag>Wait</tag>
<doc>Waits for the element found by ``selector`` to satisfy state option.</doc>
<status status="PASS" start="2025-04-03T12:34:07.749272" elapsed="0.004973"/>
</kw>
<kw name="Fill Text" owner="Browser">
<msg time="2025-04-03T12:34:07.755372" level="INFO">Fills the text 'Srta. Heloisa Silva' in the given field.</msg>
<arg>${homePage.inputName}</arg>
<arg>${name}</arg>
<tag>PageContent</tag>
<tag>Setter</tag>
<doc>Clears and fills the given ``txt`` into the text field found by ``selector``.</doc>
<status status="PASS" start="2025-04-03T12:34:07.754720" elapsed="0.013569"/>
</kw>
<status status="PASS" start="2025-04-03T12:34:07.704312" elapsed="0.064469"/>
</kw>
<kw name="E informe o e-mail do usuário ${email}" owner="HomePage" source_name="E informe o e-mail do usuário ${email}">
<kw name="Click" owner="Browser">
<msg time="2025-04-03T12:34:07.770376" level="INFO">Clicks the element 'css=.email[placeholder="Digite seu e-mail"]'.</msg>
<arg>${homePage.inputEmail}</arg>
<tag>PageContent</tag>
<tag>Setter</tag>
<doc>Simulates mouse click on the element found by ``selector``.</doc>
<status status="PASS" start="2025-04-03T12:34:07.769629" elapsed="0.044244"/>
</kw>
<kw name="Wait For Elements State" owner="Browser">
<msg time="2025-04-03T12:34:07.818653" level="INFO">Waited for Element with selector css=.email[placeholder="Digite seu e-mail"] at state visible</msg>
<arg>${homePage.inputEmail}</arg>
<arg>visible</arg>
<tag>PageContent</tag>
<tag>Wait</tag>
<doc>Waits for the element found by ``selector`` to satisfy state option.</doc>
<status status="PASS" start="2025-04-03T12:34:07.814474" elapsed="0.004489"/>
</kw>
<kw name="Fill Text" owner="Browser">
<msg time="2025-04-03T12:34:07.820448" level="INFO">Fills the text 'matheus11@example.com' in the given field.</msg>
<arg>${homePage.inputEmail}</arg>
<arg>${email}</arg>
<tag>PageContent</tag>
<tag>Setter</tag>
<doc>Clears and fills the given ``txt`` into the text field found by ``selector``.</doc>
<status status="PASS" start="2025-04-03T12:34:07.819572" elapsed="0.012631"/>
</kw>
<status status="PASS" start="2025-04-03T12:34:07.769189" elapsed="0.063396"/>
</kw>
<kw name="Quando clicar no botão enviar" owner="HomePage">
<kw name="Wait For Elements State" owner="Browser">
<msg time="2025-04-03T12:34:07.837662" level="INFO">Waited for Element with selector css=button &gt;&gt; text=Enviar at state visible</msg>
<arg>${homePage.buttonSubmit}</arg>
<arg>visible</arg>
<tag>PageContent</tag>
<tag>Wait</tag>
<doc>Waits for the element found by ``selector`` to satisfy state option.</doc>
<status status="PASS" start="2025-04-03T12:34:07.833101" elapsed="0.004711"/>
</kw>
<kw name="Click" owner="Browser">
<msg time="2025-04-03T12:34:07.841600" level="INFO">Clicks the element 'css=button &gt;&gt; text=Enviar'.</msg>
<arg>${homePage.buttonSubmit}</arg>
<tag>PageContent</tag>
<tag>Setter</tag>
<doc>Simulates mouse click on the element found by ``selector``.</doc>
<status status="PASS" start="2025-04-03T12:34:07.839123" elapsed="0.045931"/>
</kw>
<status status="PASS" start="2025-04-03T12:34:07.832844" elapsed="0.052649"/>
</kw>
<kw name="Então exibi a mensagem" owner="HomePage">
<kw name="Set Variable" owner="BuiltIn">
<msg time="2025-04-03T12:34:07.886331" level="INFO">${message} = css=p &gt;&gt; text=Usuário cadastrado com sucesso</msg>
<var>${message}</var>
<arg>css=p &gt;&gt; text=${expected_message}</arg>
<doc>Returns the given values which can then be assigned to a variables.</doc>
<status status="PASS" start="2025-04-03T12:34:07.886134" elapsed="0.000224"/>
</kw>
<kw name="Wait For Elements State" owner="Browser">
<msg time="2025-04-03T12:34:10.694175" level="INFO">Waited for Element with selector css=p &gt;&gt; text=Usuário cadastrado com sucesso at state visible</msg>
<arg>${message}</arg>
<arg>visible</arg>
<tag>PageContent</tag>
<tag>Wait</tag>
<doc>Waits for the element found by ``selector`` to satisfy state option.</doc>
<status status="PASS" start="2025-04-03T12:34:07.886634" elapsed="2.807690"/>
</kw>
<kw name="Get Text" owner="Browser">
<msg time="2025-04-03T12:34:10.712018" level="INFO">Text: 'Usuário cadastrado com sucesso'</msg>
<msg time="2025-04-03T12:34:10.712136" level="INFO">${expected_message} = Usuário cadastrado com sucesso</msg>
<var>${expected_message}</var>
<arg>${message}</arg>
<tag>Assertion</tag>
<tag>Getter</tag>
<tag>PageContent</tag>
<doc>Returns text attribute of the element found by ``selector``.</doc>
<status status="PASS" start="2025-04-03T12:34:10.694782" elapsed="0.017376"/>
</kw>
<arg>Usuário cadastrado com sucesso</arg>
<status status="PASS" start="2025-04-03T12:34:07.885775" elapsed="2.826755"/>
</kw>
<kw name="Finish Browser" owner="OpenPage" type="TEARDOWN">
<kw name="Take Screenshot" owner="Browser">
<msg time="2025-04-03T12:34:10.813217" level="INFO" html="true">&lt;/td&gt;&lt;/tr&gt;&lt;tr&gt;&lt;td colspan="3"&gt;&lt;a href="browser/screenshot/robotframework-browser-screenshot-1.png" target="_blank"&gt;&lt;img src="browser/screenshot/robotframework-browser-screenshot-1.png" width="800px"/&gt;&lt;/a&gt;</msg>
<arg>fullPage=true</arg>
<tag>PageContent</tag>
<doc>Takes a screenshot of the current window or element and saves it to disk.</doc>
<status status="PASS" start="2025-04-03T12:34:10.713110" elapsed="0.100222"/>
</kw>
<kw name="Close Browser" owner="Browser">
<msg time="2025-04-03T12:34:10.948488" level="INFO">Closed browser</msg>
<tag>BrowserControl</tag>
<tag>Setter</tag>
<doc>Closes the current browser.</doc>
<status status="PASS" start="2025-04-03T12:34:10.813733" elapsed="0.134913"/>
</kw>
<status status="PASS" start="2025-04-03T12:34:10.712839" elapsed="0.236538"/>
</kw>
<doc>Adicionar um framework</doc>
<tag>success</tag>
<status status="PASS" start="2025-04-03T12:34:06.205191" elapsed="4.744540"/>
</test>
<test id="s1-s1-t2" name="Cenário: 02 - Não deve cadastrar se não selecionar um framework" line="26">
<kw name="Start Browser" owner="OpenPage" type="SETUP">
<kw name="New Browser" owner="Browser">
<msg time="2025-04-03T12:34:10.965031" level="INFO">{"browser": "chromium", "headless": false, "chromiumSandbox": false, "devtools": false, "handleSIGHUP": true, "handleSIGINT": true, "handleSIGTERM": true, "slowMo": 0.0, "timeout": 30000.0, "tracesDir": "/home/ferreira/Documentos/GitHub/test-pick-robot/logs/browser/traces/temp/750c057f-2615-4530-8aa6-30a728c53401"}</msg>
<msg time="2025-04-03T12:34:11.277254" level="INFO">Successfully created browser with options: {"browser":"chromium","headless":false,"chromiumSandbox":false,"devtools":false,"handleSIGHUP":true,"handleSIGINT":true,"handleSIGTERM":true,"slowMo":0,"timeout":30000,"tracesDir":"/home/ferreira/Documentos/GitHub/test-pick-robot/logs/browser/traces/temp/750c057f-2615-4530-8aa6-30a728c53401"}</msg>
<arg>browser=${BROWSER}</arg>
<arg>headless=${IS_HEADLESS}</arg>
<tag>BrowserControl</tag>
<tag>Setter</tag>
<doc>Create a new playwright Browser with specified options.</doc>
<status status="PASS" start="2025-04-03T12:34:10.964469" elapsed="0.313003"/>
</kw>
<kw name="New Context" owner="Browser">
<msg time="2025-04-03T12:34:11.280108" level="INFO">{
  "acceptDownloads": true,
  "bypassCSP": false,
  "forcedColors": "none",
  "ignoreHTTPSErrors": false,
  "javaScriptEnabled": true,
  "offline": false,
  "recordVideo": {
    "dir": "/home/ferreira/Documentos/GitHub/test-pick-robot/logs/browser/video/videos",
    "size": {
      "height": 720,
      "width": 1280
    }
  },
  "reducedMotion": "no-preference",
  "serviceWorkers": "allow",
  "viewport": {
    "height": 720,
    "width": 1280
  }
}</msg>
<msg time="2025-04-03T12:34:11.293789" level="INFO">Successfully created context. </msg>
<msg time="2025-04-03T12:34:11.293864" level="INFO">{'acceptDownloads': True, 'bypassCSP': False, 'forcedColors': 'none', 'ignoreHTTPSErrors': False, 'javaScriptEnabled': True, 'offline': False, 'recordVideo': {'dir': '/home/ferreira/Documentos/GitHub/test-pick-robot/logs/browser/video/videos', 'size': {'height': 720, 'width': 1280}}, 'reducedMotion': 'no-preference', 'serviceWorkers': 'allow', 'viewport': {'height': 720, 'width': 1280}}</msg>
<arg>recordVideo={"dir": "videos/"}</arg>
<tag>BrowserControl</tag>
<tag>Setter</tag>
<doc>Create a new BrowserContext with specified options.</doc>
<status status="PASS" start="2025-04-03T12:34:11.278119" elapsed="0.015815"/>
</kw>
<kw name="New Page" owner="Browser">
<msg time="2025-04-03T12:34:11.700469" level="INFO">Successfully initialized new page object and opened url: https://testpick.vercel.app/</msg>
<msg time="2025-04-03T12:34:11.700762" level="INFO" html="true">&lt;/td&gt;&lt;/tr&gt;&lt;tr&gt;&lt;td colspan="3"&gt;&lt;video width="1280" height="720" controls&gt;&lt;source src="browser/video/videos/b913452efc792b11dfb291ba4a86de27.webm" type="video/webm"&gt;&lt;/video&gt;</msg>
<arg>${BASE_URL}</arg>
<tag>BrowserControl</tag>
<tag>Setter</tag>
<doc>Open a new Page.</doc>
<status status="PASS" start="2025-04-03T12:34:11.294336" elapsed="0.406544"/>
</kw>
<status status="PASS" start="2025-04-03T12:34:10.964157" elapsed="0.737066"/>
</kw>
<kw name="Generate Words" owner="utils">
<msg time="2025-04-03T12:34:11.701848" level="INFO">${description} = ad reiciendis in iusto autem</msg>
<var>${description}</var>
<arg>5</arg>
<status status="PASS" start="2025-04-03T12:34:11.701532" elapsed="0.000343"/>
</kw>
<kw name="Name" owner="FakerLibrary">
<msg time="2025-04-03T12:34:11.702343" level="INFO">${name} = Carlos Eduardo Casa Grande</msg>
<var>${name}</var>
<doc>:example: 'John Doe'</doc>
<status status="PASS" start="2025-04-03T12:34:11.702156" elapsed="0.000208"/>
</kw>
<kw name="Email" owner="FakerLibrary">
<msg time="2025-04-03T12:34:11.702775" level="INFO">${email} = mendesagatha@example.org</msg>
<var>${email}</var>
<status status="PASS" start="2025-04-03T12:34:11.702595" elapsed="0.000201"/>
</kw>
<kw name="Dado que estou na página inicial" owner="HomePage">
<kw name="Wait For Elements State" owner="Browser">
<msg time="2025-04-03T12:34:11.758212" level="INFO">Waited for Element with selector css=h1 &gt;&gt; text=Test Pick at state visible</msg>
<arg>${homePage.title}</arg>
<arg>visible</arg>
<tag>PageContent</tag>
<tag>Wait</tag>
<doc>Waits for the element found by ``selector`` to satisfy state option.</doc>
<status status="PASS" start="2025-04-03T12:34:11.703277" elapsed="0.055124"/>
</kw>
<status status="PASS" start="2025-04-03T12:34:11.703053" elapsed="0.055806"/>
</kw>
<kw name="E preencha o texto de descrição ${description}" owner="HomePage" source_name="E preencha o texto de descrição ${description}">
<kw name="Click" owner="Browser">
<msg time="2025-04-03T12:34:11.760052" level="INFO">Clicks the element 'css=#description'.</msg>
<arg>${homePage.textAreaDescription}</arg>
<tag>PageContent</tag>
<tag>Setter</tag>
<doc>Simulates mouse click on the element found by ``selector``.</doc>
<status status="PASS" start="2025-04-03T12:34:11.759557" elapsed="0.017448"/>
</kw>
<kw name="Wait For Elements State" owner="Browser">
<msg time="2025-04-03T12:34:11.780919" level="INFO">Waited for Element with selector css=#description at state visible</msg>
<arg>${homePage.textAreaDescription}</arg>
<arg>visible</arg>
<tag>PageContent</tag>
<tag>Wait</tag>
<doc>Waits for the element found by ``selector`` to satisfy state option.</doc>
<status status="PASS" start="2025-04-03T12:34:11.777427" elapsed="0.003596"/>
</kw>
<kw name="Fill Text" owner="Browser">
<msg time="2025-04-03T12:34:11.782287" level="INFO">Fills the text 'ad reiciendis in iusto autem' in the given field.</msg>
<arg>${homePage.textAreaDescription}</arg>
<arg>${description}</arg>
<tag>PageContent</tag>
<tag>Setter</tag>
<doc>Clears and fills the given ``txt`` into the text field found by ``selector``.</doc>
<status status="PASS" start="2025-04-03T12:34:11.781394" elapsed="0.013497"/>
</kw>
<status status="PASS" start="2025-04-03T12:34:11.759200" elapsed="0.036327"/>
</kw>
<kw name="E informe o nome do usuário ${name}" owner="HomePage" source_name="E informe o nome do usuário ${name}">
<kw name="Click" owner="Browser">
<msg time="2025-04-03T12:34:11.797223" level="INFO">Clicks the element 'css=.email[placeholder="Digite seu e-mail"]'.</msg>
<arg>${homePage.inputEmail}</arg>
<tag>PageContent</tag>
<tag>Setter</tag>
<doc>Simulates mouse click on the element found by ``selector``.</doc>
<status status="PASS" start="2025-04-03T12:34:11.796359" elapsed="0.048900"/>
</kw>
<kw name="Wait For Elements State" owner="Browser">
<msg time="2025-04-03T12:34:11.850213" level="INFO">Waited for Element with selector css=[name="name"] at state visible</msg>
<arg>${homePage.inputName}</arg>
<arg>visible</arg>
<tag>PageContent</tag>
<tag>Wait</tag>
<doc>Waits for the element found by ``selector`` to satisfy state option.</doc>
<status status="PASS" start="2025-04-03T12:34:11.845756" elapsed="0.004604"/>
</kw>
<kw name="Fill Text" owner="Browser">
<msg time="2025-04-03T12:34:11.851422" level="INFO">Fills the text 'Carlos Eduardo Casa Grande' in the given field.</msg>
<arg>${homePage.inputName}</arg>
<arg>${name}</arg>
<tag>PageContent</tag>
<tag>Setter</tag>
<doc>Clears and fills the given ``txt`` into the text field found by ``selector``.</doc>
<status status="PASS" start="2025-04-03T12:34:11.850812" elapsed="0.014562"/>
</kw>
<status status="PASS" start="2025-04-03T12:34:11.795932" elapsed="0.070042"/>
</kw>
<kw name="E informe o e-mail do usuário ${email}" owner="HomePage" source_name="E informe o e-mail do usuário ${email}">
<kw name="Click" owner="Browser">
<msg time="2025-04-03T12:34:11.867585" level="INFO">Clicks the element 'css=.email[placeholder="Digite seu e-mail"]'.</msg>
<arg>${homePage.inputEmail}</arg>
<tag>PageContent</tag>
<tag>Setter</tag>
<doc>Simulates mouse click on the element found by ``selector``.</doc>
<status status="PASS" start="2025-04-03T12:34:11.866848" elapsed="0.043873"/>
</kw>
<kw name="Wait For Elements State" owner="Browser">
<msg time="2025-04-03T12:34:11.915976" level="INFO">Waited for Element with selector css=.email[placeholder="Digite seu e-mail"] at state visible</msg>
<arg>${homePage.inputEmail}</arg>
<arg>visible</arg>
<tag>PageContent</tag>
<tag>Wait</tag>
<doc>Waits for the element found by ``selector`` to satisfy state option.</doc>
<status status="PASS" start="2025-04-03T12:34:11.911401" elapsed="0.004777"/>
</kw>
<kw name="Fill Text" owner="Browser">
<msg time="2025-04-03T12:34:11.917607" level="INFO">Fills the text 'mendesagatha@example.org' in the given field.</msg>
<arg>${homePage.inputEmail}</arg>
<arg>${email}</arg>
<tag>PageContent</tag>
<tag>Setter</tag>
<doc>Clears and fills the given ``txt`` into the text field found by ``selector``.</doc>
<status status="PASS" start="2025-04-03T12:34:11.916827" elapsed="0.012479"/>
</kw>
<status status="PASS" start="2025-04-03T12:34:11.866392" elapsed="0.063273"/>
</kw>
<kw name="Quando clicar no botão enviar" owner="HomePage">
<kw name="Wait For Elements State" owner="Browser">
<msg time="2025-04-03T12:34:11.935439" level="INFO">Waited for Element with selector css=button &gt;&gt; text=Enviar at state visible</msg>
<arg>${homePage.buttonSubmit}</arg>
<arg>visible</arg>
<tag>PageContent</tag>
<tag>Wait</tag>
<doc>Waits for the element found by ``selector`` to satisfy state option.</doc>
<status status="PASS" start="2025-04-03T12:34:11.930198" elapsed="0.005547"/>
</kw>
<kw name="Click" owner="Browser">
<msg time="2025-04-03T12:34:11.939179" level="INFO">Clicks the element 'css=button &gt;&gt; text=Enviar'.</msg>
<arg>${homePage.buttonSubmit}</arg>
<tag>PageContent</tag>
<tag>Setter</tag>
<doc>Simulates mouse click on the element found by ``selector``.</doc>
<status status="PASS" start="2025-04-03T12:34:11.936544" elapsed="0.055824"/>
</kw>
<status status="PASS" start="2025-04-03T12:34:11.929921" elapsed="0.063028"/>
</kw>
<kw name="Então exibi a mensagem" owner="HomePage">
<kw name="Set Variable" owner="BuiltIn">
<msg time="2025-04-03T12:34:11.993822" level="INFO">${message} = css=p &gt;&gt; text=Selecione um framework</msg>
<var>${message}</var>
<arg>css=p &gt;&gt; text=${expected_message}</arg>
<doc>Returns the given values which can then be assigned to a variables.</doc>
<status status="PASS" start="2025-04-03T12:34:11.993629" elapsed="0.000221"/>
</kw>
<kw name="Wait For Elements State" owner="Browser">
<msg time="2025-04-03T12:34:12.004378" level="INFO">Waited for Element with selector css=p &gt;&gt; text=Selecione um framework at state visible</msg>
<arg>${message}</arg>
<arg>visible</arg>
<tag>PageContent</tag>
<tag>Wait</tag>
<doc>Waits for the element found by ``selector`` to satisfy state option.</doc>
<status status="PASS" start="2025-04-03T12:34:11.994129" elapsed="0.011880"/>
</kw>
<kw name="Get Text" owner="Browser">
<msg time="2025-04-03T12:34:12.042124" level="INFO">Text: 'Selecione um framework'</msg>
<msg time="2025-04-03T12:34:12.042330" level="INFO">${expected_message} = Selecione um framework</msg>
<var>${expected_message}</var>
<arg>${message}</arg>
<tag>Assertion</tag>
<tag>Getter</tag>
<tag>PageContent</tag>
<doc>Returns text attribute of the element found by ``selector``.</doc>
<status status="PASS" start="2025-04-03T12:34:12.008174" elapsed="0.034207"/>
</kw>
<arg>Selecione um framework</arg>
<status status="PASS" start="2025-04-03T12:34:11.993312" elapsed="0.049806"/>
</kw>
<kw name="Finish Browser" owner="OpenPage" type="TEARDOWN">
<kw name="Take Screenshot" owner="Browser">
<msg time="2025-04-03T12:34:12.155231" level="INFO" html="true">&lt;/td&gt;&lt;/tr&gt;&lt;tr&gt;&lt;td colspan="3"&gt;&lt;a href="browser/screenshot/robotframework-browser-screenshot-2.png" target="_blank"&gt;&lt;img src="browser/screenshot/robotframework-browser-screenshot-2.png" width="800px"/&gt;&lt;/a&gt;</msg>
<arg>fullPage=true</arg>
<tag>PageContent</tag>
<doc>Takes a screenshot of the current window or element and saves it to disk.</doc>
<status status="PASS" start="2025-04-03T12:34:12.044006" elapsed="0.111383"/>
</kw>
<kw name="Close Browser" owner="Browser">
<msg time="2025-04-03T12:34:12.264407" level="INFO">Closed browser</msg>
<tag>BrowserControl</tag>
<tag>Setter</tag>
<doc>Closes the current browser.</doc>
<status status="PASS" start="2025-04-03T12:34:12.155867" elapsed="0.108681"/>
</kw>
<status status="PASS" start="2025-04-03T12:34:12.043569" elapsed="0.221311"/>
</kw>
<doc>E não selecionar um framework</doc>
<tag>not_select_framework</tag>
<status status="PASS" start="2025-04-03T12:34:10.962362" elapsed="1.302661"/>
</test>
<test id="s1-s1-t3" name="Cenário: 03 - Não dever cadastrar se não preencher o campo descrição" line="41">
<kw name="Start Browser" owner="OpenPage" type="SETUP">
<kw name="New Browser" owner="Browser">
<msg time="2025-04-03T12:34:12.276875" level="INFO">{"browser": "chromium", "headless": false, "chromiumSandbox": false, "devtools": false, "handleSIGHUP": true, "handleSIGINT": true, "handleSIGTERM": true, "slowMo": 0.0, "timeout": 30000.0, "tracesDir": "/home/ferreira/Documentos/GitHub/test-pick-robot/logs/browser/traces/temp/8749883c-d5bf-45d1-8329-6a60c6363e0a"}</msg>
<msg time="2025-04-03T12:34:12.491235" level="INFO">Successfully created browser with options: {"browser":"chromium","headless":false,"chromiumSandbox":false,"devtools":false,"handleSIGHUP":true,"handleSIGINT":true,"handleSIGTERM":true,"slowMo":0,"timeout":30000,"tracesDir":"/home/ferreira/Documentos/GitHub/test-pick-robot/logs/browser/traces/temp/8749883c-d5bf-45d1-8329-6a60c6363e0a"}</msg>
<arg>browser=${BROWSER}</arg>
<arg>headless=${IS_HEADLESS}</arg>
<tag>BrowserControl</tag>
<tag>Setter</tag>
<doc>Create a new playwright Browser with specified options.</doc>
<status status="PASS" start="2025-04-03T12:34:12.274649" elapsed="0.216737"/>
</kw>
<kw name="New Context" owner="Browser">
<msg time="2025-04-03T12:34:12.493002" level="INFO">{
  "acceptDownloads": true,
  "bypassCSP": false,
  "forcedColors": "none",
  "ignoreHTTPSErrors": false,
  "javaScriptEnabled": true,
  "offline": false,
  "recordVideo": {
    "dir": "/home/ferreira/Documentos/GitHub/test-pick-robot/logs/browser/video/videos",
    "size": {
      "height": 720,
      "width": 1280
    }
  },
  "reducedMotion": "no-preference",
  "serviceWorkers": "allow",
  "viewport": {
    "height": 720,
    "width": 1280
  }
}</msg>
<msg time="2025-04-03T12:34:12.499684" level="INFO">Successfully created context. </msg>
<msg time="2025-04-03T12:34:12.499743" level="INFO">{'acceptDownloads': True, 'bypassCSP': False, 'forcedColors': 'none', 'ignoreHTTPSErrors': False, 'javaScriptEnabled': True, 'offline': False, 'recordVideo': {'dir': '/home/ferreira/Documentos/GitHub/test-pick-robot/logs/browser/video/videos', 'size': {'height': 720, 'width': 1280}}, 'reducedMotion': 'no-preference', 'serviceWorkers': 'allow', 'viewport': {'height': 720, 'width': 1280}}</msg>
<arg>recordVideo={"dir": "videos/"}</arg>
<tag>BrowserControl</tag>
<tag>Setter</tag>
<doc>Create a new BrowserContext with specified options.</doc>
<status status="PASS" start="2025-04-03T12:34:12.491830" elapsed="0.007981"/>
</kw>
<kw name="New Page" owner="Browser">
<msg time="2025-04-03T12:34:12.871884" level="INFO">Successfully initialized new page object and opened url: https://testpick.vercel.app/</msg>
<msg time="2025-04-03T12:34:12.872090" level="INFO" html="true">&lt;/td&gt;&lt;/tr&gt;&lt;tr&gt;&lt;td colspan="3"&gt;&lt;video width="1280" height="720" controls&gt;&lt;source src="browser/video/videos/1ef73d9b9bf6af6a527fae180d68efb2.webm" type="video/webm"&gt;&lt;/video&gt;</msg>
<arg>${BASE_URL}</arg>
<tag>BrowserControl</tag>
<tag>Setter</tag>
<doc>Open a new Page.</doc>
<status status="PASS" start="2025-04-03T12:34:12.500214" elapsed="0.371979"/>
</kw>
<status status="PASS" start="2025-04-03T12:34:12.272161" elapsed="0.600394"/>
</kw>
<kw name="Name" owner="FakerLibrary">
<msg time="2025-04-03T12:34:12.873031" level="INFO">${name} = Caio Andrade</msg>
<var>${name}</var>
<doc>:example: 'John Doe'</doc>
<status status="PASS" start="2025-04-03T12:34:12.872801" elapsed="0.000255"/>
</kw>
<kw name="Email" owner="FakerLibrary">
<msg time="2025-04-03T12:34:12.873509" level="INFO">${email} = sabrina54@example.net</msg>
<var>${email}</var>
<status status="PASS" start="2025-04-03T12:34:12.873318" elapsed="0.000213"/>
</kw>
<kw name="Dado que estou na página inicial" owner="HomePage">
<kw name="Wait For Elements State" owner="Browser">
<msg time="2025-04-03T12:34:12.922846" level="INFO">Waited for Element with selector css=h1 &gt;&gt; text=Test Pick at state visible</msg>
<arg>${homePage.title}</arg>
<arg>visible</arg>
<tag>PageContent</tag>
<tag>Wait</tag>
<doc>Waits for the element found by ``selector`` to satisfy state option.</doc>
<status status="PASS" start="2025-04-03T12:34:12.874067" elapsed="0.048918"/>
</kw>
<status status="PASS" start="2025-04-03T12:34:12.873827" elapsed="0.049636"/>
</kw>
<kw name="E selecione um framework &quot;Cypress&quot;" owner="HomePage" source_name="E selecione um framework ${framework}">
<kw name="Click" owner="Browser">
<msg time="2025-04-03T12:34:12.927161" level="INFO">Clicks the element 'css=[data-testid="select-framework"]'.</msg>
<arg>${homePage.selectFramework}</arg>
<tag>PageContent</tag>
<tag>Setter</tag>
<doc>Simulates mouse click on the element found by ``selector``.</doc>
<status status="PASS" start="2025-04-03T12:34:12.925583" elapsed="0.061797"/>
</kw>
<kw name="Set Variable" owner="BuiltIn">
<msg time="2025-04-03T12:34:12.988495" level="INFO">${frameworkOptions} = css=div[role="option"] &gt;&gt; text="Cypress"</msg>
<var>${frameworkOptions}</var>
<arg>${homePage.selectFrameworkOptions} &gt;&gt; text=${framework}</arg>
<doc>Returns the given values which can then be assigned to a variables.</doc>
<status status="PASS" start="2025-04-03T12:34:12.987845" elapsed="0.000679"/>
</kw>
<kw name="Wait For Elements State" owner="Browser">
<msg time="2025-04-03T12:34:12.993111" level="INFO">Waited for Element with selector css=div[role="option"] &gt;&gt; text="Cypress" at state visible</msg>
<arg>${frameworkOptions}</arg>
<arg>visible</arg>
<tag>PageContent</tag>
<tag>Wait</tag>
<doc>Waits for the element found by ``selector`` to satisfy state option.</doc>
<status status="PASS" start="2025-04-03T12:34:12.988783" elapsed="0.004432"/>
</kw>
<kw name="Click" owner="Browser">
<msg time="2025-04-03T12:34:12.993975" level="INFO">Clicks the element 'css=div[role="option"] &gt;&gt; text="Cypress"'.</msg>
<arg>${frameworkOptions}</arg>
<tag>PageContent</tag>
<tag>Setter</tag>
<doc>Simulates mouse click on the element found by ``selector``.</doc>
<status status="PASS" start="2025-04-03T12:34:12.993611" elapsed="0.268946"/>
</kw>
<status status="PASS" start="2025-04-03T12:34:12.924361" elapsed="0.338601"/>
</kw>
<kw name="E informe o nome do usuário ${name}" owner="HomePage" source_name="E informe o nome do usuário ${name}">
<kw name="Click" owner="Browser">
<msg time="2025-04-03T12:34:13.264194" level="INFO">Clicks the element 'css=.email[placeholder="Digite seu e-mail"]'.</msg>
<arg>${homePage.inputEmail}</arg>
<tag>PageContent</tag>
<tag>Setter</tag>
<doc>Simulates mouse click on the element found by ``selector``.</doc>
<status status="PASS" start="2025-04-03T12:34:13.263640" elapsed="0.054345"/>
</kw>
<kw name="Wait For Elements State" owner="Browser">
<msg time="2025-04-03T12:34:13.329096" level="INFO">Waited for Element with selector css=[name="name"] at state visible</msg>
<arg>${homePage.inputName}</arg>
<arg>visible</arg>
<tag>PageContent</tag>
<tag>Wait</tag>
<doc>Waits for the element found by ``selector`` to satisfy state option.</doc>
<status status="PASS" start="2025-04-03T12:34:13.319923" elapsed="0.009315"/>
</kw>
<kw name="Fill Text" owner="Browser">
<msg time="2025-04-03T12:34:13.330269" level="INFO">Fills the text 'Caio Andrade' in the given field.</msg>
<arg>${homePage.inputName}</arg>
<arg>${name}</arg>
<tag>PageContent</tag>
<tag>Setter</tag>
<doc>Clears and fills the given ``txt`` into the text field found by ``selector``.</doc>
<status status="PASS" start="2025-04-03T12:34:13.329669" elapsed="0.017325"/>
</kw>
<status status="PASS" start="2025-04-03T12:34:13.263231" elapsed="0.084176"/>
</kw>
<kw name="E informe o e-mail do usuário ${email}" owner="HomePage" source_name="E informe o e-mail do usuário ${email}">
<kw name="Click" owner="Browser">
<msg time="2025-04-03T12:34:13.348828" level="INFO">Clicks the element 'css=.email[placeholder="Digite seu e-mail"]'.</msg>
<arg>${homePage.inputEmail}</arg>
<tag>PageContent</tag>
<tag>Setter</tag>
<doc>Simulates mouse click on the element found by ``selector``.</doc>
<status status="PASS" start="2025-04-03T12:34:13.348151" elapsed="0.046552"/>
</kw>
<kw name="Wait For Elements State" owner="Browser">
<msg time="2025-04-03T12:34:13.409296" level="INFO">Waited for Element with selector css=.email[placeholder="Digite seu e-mail"] at state visible</msg>
<arg>${homePage.inputEmail}</arg>
<arg>visible</arg>
<tag>PageContent</tag>
<tag>Wait</tag>
<doc>Waits for the element found by ``selector`` to satisfy state option.</doc>
<status status="PASS" start="2025-04-03T12:34:13.395885" elapsed="0.013891"/>
</kw>
<kw name="Fill Text" owner="Browser">
<msg time="2025-04-03T12:34:13.411892" level="INFO">Fills the text 'sabrina54@example.net' in the given field.</msg>
<arg>${homePage.inputEmail}</arg>
<arg>${email}</arg>
<tag>PageContent</tag>
<tag>Setter</tag>
<doc>Clears and fills the given ``txt`` into the text field found by ``selector``.</doc>
<status status="PASS" start="2025-04-03T12:34:13.410967" elapsed="0.010405"/>
</kw>
<status status="PASS" start="2025-04-03T12:34:13.347779" elapsed="0.073960"/>
</kw>
<kw name="Quando clicar no botão enviar" owner="HomePage">
<kw name="Wait For Elements State" owner="Browser">
<msg time="2025-04-03T12:34:13.425969" level="INFO">Waited for Element with selector css=button &gt;&gt; text=Enviar at state visible</msg>
<arg>${homePage.buttonSubmit}</arg>
<arg>visible</arg>
<tag>PageContent</tag>
<tag>Wait</tag>
<doc>Waits for the element found by ``selector`` to satisfy state option.</doc>
<status status="PASS" start="2025-04-03T12:34:13.422215" elapsed="0.003865"/>
</kw>
<kw name="Click" owner="Browser">
<msg time="2025-04-03T12:34:13.426932" level="INFO">Clicks the element 'css=button &gt;&gt; text=Enviar'.</msg>
<arg>${homePage.buttonSubmit}</arg>
<tag>PageContent</tag>
<tag>Setter</tag>
<doc>Simulates mouse click on the element found by ``selector``.</doc>
<status status="PASS" start="2025-04-03T12:34:13.426439" elapsed="0.046832"/>
</kw>
<status status="PASS" start="2025-04-03T12:34:13.421969" elapsed="0.052008"/>
</kw>
<kw name="Então exibi a mensagem" owner="HomePage">
<kw name="Set Variable" owner="BuiltIn">
<msg time="2025-04-03T12:34:13.475136" level="INFO">${message} = css=p &gt;&gt; text=A descrição deve ter pelo menos 10 caracteres</msg>
<var>${message}</var>
<arg>css=p &gt;&gt; text=${expected_message}</arg>
<doc>Returns the given values which can then be assigned to a variables.</doc>
<status status="PASS" start="2025-04-03T12:34:13.474805" elapsed="0.000375"/>
</kw>
<kw name="Wait For Elements State" owner="Browser">
<msg time="2025-04-03T12:34:13.486326" level="INFO">Waited for Element with selector css=p &gt;&gt; text=A descrição deve ter pelo menos 10 caracteres at state visible</msg>
<arg>${message}</arg>
<arg>visible</arg>
<tag>PageContent</tag>
<tag>Wait</tag>
<doc>Waits for the element found by ``selector`` to satisfy state option.</doc>
<status status="PASS" start="2025-04-03T12:34:13.475639" elapsed="0.011610"/>
</kw>
<kw name="Get Text" owner="Browser">
<msg time="2025-04-03T12:34:13.512765" level="INFO">Text: 'A descrição deve ter pelo menos 10 caracteres'</msg>
<msg time="2025-04-03T12:34:13.512965" level="INFO">${expected_message} = A descrição deve ter pelo menos 10 caracteres</msg>
<var>${expected_message}</var>
<arg>${message}</arg>
<tag>Assertion</tag>
<tag>Getter</tag>
<tag>PageContent</tag>
<doc>Returns text attribute of the element found by ``selector``.</doc>
<status status="PASS" start="2025-04-03T12:34:13.491167" elapsed="0.021843"/>
</kw>
<arg>A descrição deve ter pelo menos 10 caracteres</arg>
<status status="PASS" start="2025-04-03T12:34:13.474356" elapsed="0.039336"/>
</kw>
<kw name="Finish Browser" owner="OpenPage" type="TEARDOWN">
<kw name="Take Screenshot" owner="Browser">
<msg time="2025-04-03T12:34:13.622048" level="INFO" html="true">&lt;/td&gt;&lt;/tr&gt;&lt;tr&gt;&lt;td colspan="3"&gt;&lt;a href="browser/screenshot/robotframework-browser-screenshot-3.png" target="_blank"&gt;&lt;img src="browser/screenshot/robotframework-browser-screenshot-3.png" width="800px"/&gt;&lt;/a&gt;</msg>
<arg>fullPage=true</arg>
<tag>PageContent</tag>
<doc>Takes a screenshot of the current window or element and saves it to disk.</doc>
<status status="PASS" start="2025-04-03T12:34:13.515050" elapsed="0.107124"/>
</kw>
<kw name="Close Browser" owner="Browser">
<msg time="2025-04-03T12:34:13.719360" level="INFO">Closed browser</msg>
<tag>BrowserControl</tag>
<tag>Setter</tag>
<doc>Closes the current browser.</doc>
<status status="PASS" start="2025-04-03T12:34:13.622551" elapsed="0.097860"/>
</kw>
<status status="PASS" start="2025-04-03T12:34:13.514342" elapsed="0.207963"/>
</kw>
<doc>Campo descrição vazio</doc>
<tag>description_empty</tag>
<status status="PASS" start="2025-04-03T12:34:12.269292" elapsed="1.453469"/>
</test>
<test id="s1-s1-t4" name="Cenário: 04 - Não dever cadastrar se não preencher o campo nome" line="55">
<kw name="Start Browser" owner="OpenPage" type="SETUP">
<kw name="New Browser" owner="Browser">
<msg time="2025-04-03T12:34:13.731274" level="INFO">{"browser": "chromium", "headless": false, "chromiumSandbox": false, "devtools": false, "handleSIGHUP": true, "handleSIGINT": true, "handleSIGTERM": true, "slowMo": 0.0, "timeout": 30000.0, "tracesDir": "/home/ferreira/Documentos/GitHub/test-pick-robot/logs/browser/traces/temp/bcb931c4-0df3-4b91-b751-639708d0839d"}</msg>
<msg time="2025-04-03T12:34:13.943406" level="INFO">Successfully created browser with options: {"browser":"chromium","headless":false,"chromiumSandbox":false,"devtools":false,"handleSIGHUP":true,"handleSIGINT":true,"handleSIGTERM":true,"slowMo":0,"timeout":30000,"tracesDir":"/home/ferreira/Documentos/GitHub/test-pick-robot/logs/browser/traces/temp/bcb931c4-0df3-4b91-b751-639708d0839d"}</msg>
<arg>browser=${BROWSER}</arg>
<arg>headless=${IS_HEADLESS}</arg>
<tag>BrowserControl</tag>
<tag>Setter</tag>
<doc>Create a new playwright Browser with specified options.</doc>
<status status="PASS" start="2025-04-03T12:34:13.730777" elapsed="0.212792"/>
</kw>
<kw name="New Context" owner="Browser">
<msg time="2025-04-03T12:34:13.945027" level="INFO">{
  "acceptDownloads": true,
  "bypassCSP": false,
  "forcedColors": "none",
  "ignoreHTTPSErrors": false,
  "javaScriptEnabled": true,
  "offline": false,
  "recordVideo": {
    "dir": "/home/ferreira/Documentos/GitHub/test-pick-robot/logs/browser/video/videos",
    "size": {
      "height": 720,
      "width": 1280
    }
  },
  "reducedMotion": "no-preference",
  "serviceWorkers": "allow",
  "viewport": {
    "height": 720,
    "width": 1280
  }
}</msg>
<msg time="2025-04-03T12:34:13.954774" level="INFO">Successfully created context. </msg>
<msg time="2025-04-03T12:34:13.955149" level="INFO">{'acceptDownloads': True, 'bypassCSP': False, 'forcedColors': 'none', 'ignoreHTTPSErrors': False, 'javaScriptEnabled': True, 'offline': False, 'recordVideo': {'dir': '/home/ferreira/Documentos/GitHub/test-pick-robot/logs/browser/video/videos', 'size': {'height': 720, 'width': 1280}}, 'reducedMotion': 'no-preference', 'serviceWorkers': 'allow', 'viewport': {'height': 720, 'width': 1280}}</msg>
<arg>recordVideo={"dir": "videos/"}</arg>
<tag>BrowserControl</tag>
<tag>Setter</tag>
<doc>Create a new BrowserContext with specified options.</doc>
<status status="PASS" start="2025-04-03T12:34:13.943981" elapsed="0.011405"/>
</kw>
<kw name="New Page" owner="Browser">
<msg time="2025-04-03T12:34:14.293237" level="INFO">Successfully initialized new page object and opened url: https://testpick.vercel.app/</msg>
<msg time="2025-04-03T12:34:14.293481" level="INFO" html="true">&lt;/td&gt;&lt;/tr&gt;&lt;tr&gt;&lt;td colspan="3"&gt;&lt;video width="1280" height="720" controls&gt;&lt;source src="browser/video/videos/2316cf418763bd094161d5e5cb1866e9.webm" type="video/webm"&gt;&lt;/video&gt;</msg>
<arg>${BASE_URL}</arg>
<tag>BrowserControl</tag>
<tag>Setter</tag>
<doc>Open a new Page.</doc>
<status status="PASS" start="2025-04-03T12:34:13.957275" elapsed="0.336326"/>
</kw>
<status status="PASS" start="2025-04-03T12:34:13.730481" elapsed="0.563471"/>
</kw>
<kw name="Generate Words" owner="utils">
<msg time="2025-04-03T12:34:14.294530" level="INFO">${description} = consectetur porro modi voluptatem maxime</msg>
<var>${description}</var>
<arg>5</arg>
<status status="PASS" start="2025-04-03T12:34:14.294265" elapsed="0.000289"/>
</kw>
<kw name="Email" owner="FakerLibrary">
<msg time="2025-04-03T12:34:14.295034" level="INFO">${email} = jda-mota@example.org</msg>
<var>${email}</var>
<status status="PASS" start="2025-04-03T12:34:14.294831" elapsed="0.000225"/>
</kw>
<kw name="Dado que estou na página inicial" owner="HomePage">
<kw name="Wait For Elements State" owner="Browser">
<msg time="2025-04-03T12:34:14.346964" level="INFO">Waited for Element with selector css=h1 &gt;&gt; text=Test Pick at state visible</msg>
<arg>${homePage.title}</arg>
<arg>visible</arg>
<tag>PageContent</tag>
<tag>Wait</tag>
<doc>Waits for the element found by ``selector`` to satisfy state option.</doc>
<status status="PASS" start="2025-04-03T12:34:14.295656" elapsed="0.051493"/>
</kw>
<status status="PASS" start="2025-04-03T12:34:14.295373" elapsed="0.052306"/>
</kw>
<kw name="E selecione um framework &quot;Cypress&quot;" owner="HomePage" source_name="E selecione um framework ${framework}">
<kw name="Click" owner="Browser">
<msg time="2025-04-03T12:34:14.349526" level="INFO">Clicks the element 'css=[data-testid="select-framework"]'.</msg>
<arg>${homePage.selectFramework}</arg>
<tag>PageContent</tag>
<tag>Setter</tag>
<doc>Simulates mouse click on the element found by ``selector``.</doc>
<status status="PASS" start="2025-04-03T12:34:14.348317" elapsed="0.068278"/>
</kw>
<kw name="Set Variable" owner="BuiltIn">
<msg time="2025-04-03T12:34:14.421503" level="INFO">${frameworkOptions} = css=div[role="option"] &gt;&gt; text="Cypress"</msg>
<var>${frameworkOptions}</var>
<arg>${homePage.selectFrameworkOptions} &gt;&gt; text=${framework}</arg>
<doc>Returns the given values which can then be assigned to a variables.</doc>
<status status="PASS" start="2025-04-03T12:34:14.419435" elapsed="0.002116"/>
</kw>
<kw name="Wait For Elements State" owner="Browser">
<msg time="2025-04-03T12:34:14.427421" level="INFO">Waited for Element with selector css=div[role="option"] &gt;&gt; text="Cypress" at state visible</msg>
<arg>${frameworkOptions}</arg>
<arg>visible</arg>
<tag>PageContent</tag>
<tag>Wait</tag>
<doc>Waits for the element found by ``selector`` to satisfy state option.</doc>
<status status="PASS" start="2025-04-03T12:34:14.421974" elapsed="0.005663"/>
</kw>
<kw name="Click" owner="Browser">
<msg time="2025-04-03T12:34:14.428992" level="INFO">Clicks the element 'css=div[role="option"] &gt;&gt; text="Cypress"'.</msg>
<arg>${frameworkOptions}</arg>
<tag>PageContent</tag>
<tag>Setter</tag>
<doc>Simulates mouse click on the element found by ``selector``.</doc>
<status status="PASS" start="2025-04-03T12:34:14.428368" elapsed="0.266409"/>
</kw>
<status status="PASS" start="2025-04-03T12:34:14.347992" elapsed="0.347606"/>
</kw>
<kw name="E preencha o texto de descrição ${description}" owner="HomePage" source_name="E preencha o texto de descrição ${description}">
<kw name="Click" owner="Browser">
<msg time="2025-04-03T12:34:14.697255" level="INFO">Clicks the element 'css=#description'.</msg>
<arg>${homePage.textAreaDescription}</arg>
<tag>PageContent</tag>
<tag>Setter</tag>
<doc>Simulates mouse click on the element found by ``selector``.</doc>
<status status="PASS" start="2025-04-03T12:34:14.696722" elapsed="0.049601"/>
</kw>
<kw name="Wait For Elements State" owner="Browser">
<msg time="2025-04-03T12:34:14.756104" level="INFO">Waited for Element with selector css=#description at state visible</msg>
<arg>${homePage.textAreaDescription}</arg>
<arg>visible</arg>
<tag>PageContent</tag>
<tag>Wait</tag>
<doc>Waits for the element found by ``selector`` to satisfy state option.</doc>
<status status="PASS" start="2025-04-03T12:34:14.747036" elapsed="0.009860"/>
</kw>
<kw name="Fill Text" owner="Browser">
<msg time="2025-04-03T12:34:14.758753" level="INFO">Fills the text 'consectetur porro modi voluptatem maxime' in the given field.</msg>
<arg>${homePage.textAreaDescription}</arg>
<arg>${description}</arg>
<tag>PageContent</tag>
<tag>Setter</tag>
<doc>Clears and fills the given ``txt`` into the text field found by ``selector``.</doc>
<status status="PASS" start="2025-04-03T12:34:14.757823" elapsed="0.014607"/>
</kw>
<status status="PASS" start="2025-04-03T12:34:14.696382" elapsed="0.077259"/>
</kw>
<kw name="E informe o e-mail do usuário ${email}" owner="HomePage" source_name="E informe o e-mail do usuário ${email}">
<kw name="Click" owner="Browser">
<msg time="2025-04-03T12:34:14.775536" level="INFO">Clicks the element 'css=.email[placeholder="Digite seu e-mail"]'.</msg>
<arg>${homePage.inputEmail}</arg>
<tag>PageContent</tag>
<tag>Setter</tag>
<doc>Simulates mouse click on the element found by ``selector``.</doc>
<status status="PASS" start="2025-04-03T12:34:14.774704" elapsed="0.036705"/>
</kw>
<kw name="Wait For Elements State" owner="Browser">
<msg time="2025-04-03T12:34:14.819783" level="INFO">Waited for Element with selector css=.email[placeholder="Digite seu e-mail"] at state visible</msg>
<arg>${homePage.inputEmail}</arg>
<arg>visible</arg>
<tag>PageContent</tag>
<tag>Wait</tag>
<doc>Waits for the element found by ``selector`` to satisfy state option.</doc>
<status status="PASS" start="2025-04-03T12:34:14.811898" elapsed="0.008141"/>
</kw>
<kw name="Fill Text" owner="Browser">
<msg time="2025-04-03T12:34:14.821783" level="INFO">Fills the text 'jda-mota@example.org' in the given field.</msg>
<arg>${homePage.inputEmail}</arg>
<arg>${email}</arg>
<tag>PageContent</tag>
<tag>Setter</tag>
<doc>Clears and fills the given ``txt`` into the text field found by ``selector``.</doc>
<status status="PASS" start="2025-04-03T12:34:14.821023" elapsed="0.008198"/>
</kw>
<status status="PASS" start="2025-04-03T12:34:14.774219" elapsed="0.055415"/>
</kw>
<kw name="Quando clicar no botão enviar" owner="HomePage">
<kw name="Wait For Elements State" owner="Browser">
<msg time="2025-04-03T12:34:14.839803" level="INFO">Waited for Element with selector css=button &gt;&gt; text=Enviar at state visible</msg>
<arg>${homePage.buttonSubmit}</arg>
<arg>visible</arg>
<tag>PageContent</tag>
<tag>Wait</tag>
<doc>Waits for the element found by ``selector`` to satisfy state option.</doc>
<status status="PASS" start="2025-04-03T12:34:14.830266" elapsed="0.009731"/>
</kw>
<kw name="Click" owner="Browser">
<msg time="2025-04-03T12:34:14.841160" level="INFO">Clicks the element 'css=button &gt;&gt; text=Enviar'.</msg>
<arg>${homePage.buttonSubmit}</arg>
<tag>PageContent</tag>
<tag>Setter</tag>
<doc>Simulates mouse click on the element found by ``selector``.</doc>
<status status="PASS" start="2025-04-03T12:34:14.840549" elapsed="0.042944"/>
</kw>
<status status="PASS" start="2025-04-03T12:34:14.829936" elapsed="0.056012"/>
</kw>
<kw name="Então exibi a mensagem" owner="HomePage">
<kw name="Set Variable" owner="BuiltIn">
<msg time="2025-04-03T12:34:14.888175" level="INFO">${message} = css=p &gt;&gt; text=O campo nome é obrigatório</msg>
<var>${message}</var>
<arg>css=p &gt;&gt; text=${expected_message}</arg>
<doc>Returns the given values which can then be assigned to a variables.</doc>
<status status="PASS" start="2025-04-03T12:34:14.887842" elapsed="0.000363"/>
</kw>
<kw name="Wait For Elements State" owner="Browser">
<msg time="2025-04-03T12:34:14.894655" level="INFO">Waited for Element with selector css=p &gt;&gt; text=O campo nome é obrigatório at state visible</msg>
<arg>${message}</arg>
<arg>visible</arg>
<tag>PageContent</tag>
<tag>Wait</tag>
<doc>Waits for the element found by ``selector`` to satisfy state option.</doc>
<status status="PASS" start="2025-04-03T12:34:14.888699" elapsed="0.006174"/>
</kw>
<kw name="Get Text" owner="Browser">
<msg time="2025-04-03T12:34:14.917852" level="INFO">Text: 'O campo nome é obrigatório'</msg>
<msg time="2025-04-03T12:34:14.918545" level="INFO">${expected_message} = O campo nome é obrigatório</msg>
<var>${expected_message}</var>
<arg>${message}</arg>
<tag>Assertion</tag>
<tag>Getter</tag>
<tag>PageContent</tag>
<doc>Returns text attribute of the element found by ``selector``.</doc>
<status status="PASS" start="2025-04-03T12:34:14.895504" elapsed="0.023094"/>
</kw>
<arg>O campo nome é obrigatório</arg>
<status status="PASS" start="2025-04-03T12:34:14.887303" elapsed="0.033020"/>
</kw>
<kw name="Finish Browser" owner="OpenPage" type="TEARDOWN">
<kw name="Take Screenshot" owner="Browser">
<msg time="2025-04-03T12:34:15.039001" level="INFO" html="true">&lt;/td&gt;&lt;/tr&gt;&lt;tr&gt;&lt;td colspan="3"&gt;&lt;a href="browser/screenshot/robotframework-browser-screenshot-4.png" target="_blank"&gt;&lt;img src="browser/screenshot/robotframework-browser-screenshot-4.png" width="800px"/&gt;&lt;/a&gt;</msg>
<arg>fullPage=true</arg>
<tag>PageContent</tag>
<doc>Takes a screenshot of the current window or element and saves it to disk.</doc>
<status status="PASS" start="2025-04-03T12:34:14.922132" elapsed="0.116992"/>
</kw>
<kw name="Close Browser" owner="Browser">
<msg time="2025-04-03T12:34:15.143655" level="INFO">Closed browser</msg>
<tag>BrowserControl</tag>
<tag>Setter</tag>
<doc>Closes the current browser.</doc>
<status status="PASS" start="2025-04-03T12:34:15.039528" elapsed="0.104259"/>
</kw>
<status status="PASS" start="2025-04-03T12:34:14.921511" elapsed="0.222608"/>
</kw>
<doc>Campo nome vazio</doc>
<tag>name_empty</tag>
<status status="PASS" start="2025-04-03T12:34:13.728503" elapsed="1.415744"/>
</test>
<test id="s1-s1-t5" name="Cenário: 05 - Não dever cadastrar se não preencher o campo e-mail" line="69">
<kw name="Start Browser" owner="OpenPage" type="SETUP">
<kw name="New Browser" owner="Browser">
<msg time="2025-04-03T12:34:15.154297" level="INFO">{"browser": "chromium", "headless": false, "chromiumSandbox": false, "devtools": false, "handleSIGHUP": true, "handleSIGINT": true, "handleSIGTERM": true, "slowMo": 0.0, "timeout": 30000.0, "tracesDir": "/home/ferreira/Documentos/GitHub/test-pick-robot/logs/browser/traces/temp/c12363f3-7885-4d15-8a98-f53347a0fb7b"}</msg>
<msg time="2025-04-03T12:34:15.385566" level="INFO">Successfully created browser with options: {"browser":"chromium","headless":false,"chromiumSandbox":false,"devtools":false,"handleSIGHUP":true,"handleSIGINT":true,"handleSIGTERM":true,"slowMo":0,"timeout":30000,"tracesDir":"/home/ferreira/Documentos/GitHub/test-pick-robot/logs/browser/traces/temp/c12363f3-7885-4d15-8a98-f53347a0fb7b"}</msg>
<arg>browser=${BROWSER}</arg>
<arg>headless=${IS_HEADLESS}</arg>
<tag>BrowserControl</tag>
<tag>Setter</tag>
<doc>Create a new playwright Browser with specified options.</doc>
<status status="PASS" start="2025-04-03T12:34:15.152309" elapsed="0.233468"/>
</kw>
<kw name="New Context" owner="Browser">
<msg time="2025-04-03T12:34:15.387328" level="INFO">{
  "acceptDownloads": true,
  "bypassCSP": false,
  "forcedColors": "none",
  "ignoreHTTPSErrors": false,
  "javaScriptEnabled": true,
  "offline": false,
  "recordVideo": {
    "dir": "/home/ferreira/Documentos/GitHub/test-pick-robot/logs/browser/video/videos",
    "size": {
      "height": 720,
      "width": 1280
    }
  },
  "reducedMotion": "no-preference",
  "serviceWorkers": "allow",
  "viewport": {
    "height": 720,
    "width": 1280
  }
}</msg>
<msg time="2025-04-03T12:34:15.394550" level="INFO">Successfully created context. </msg>
<msg time="2025-04-03T12:34:15.394618" level="INFO">{'acceptDownloads': True, 'bypassCSP': False, 'forcedColors': 'none', 'ignoreHTTPSErrors': False, 'javaScriptEnabled': True, 'offline': False, 'recordVideo': {'dir': '/home/ferreira/Documentos/GitHub/test-pick-robot/logs/browser/video/videos', 'size': {'height': 720, 'width': 1280}}, 'reducedMotion': 'no-preference', 'serviceWorkers': 'allow', 'viewport': {'height': 720, 'width': 1280}}</msg>
<arg>recordVideo={"dir": "videos/"}</arg>
<tag>BrowserControl</tag>
<tag>Setter</tag>
<doc>Create a new BrowserContext with specified options.</doc>
<status status="PASS" start="2025-04-03T12:34:15.386220" elapsed="0.008471"/>
</kw>
<kw name="New Page" owner="Browser">
<msg time="2025-04-03T12:34:15.727110" level="INFO">Successfully initialized new page object and opened url: https://testpick.vercel.app/</msg>
<msg time="2025-04-03T12:34:15.727531" level="INFO" html="true">&lt;/td&gt;&lt;/tr&gt;&lt;tr&gt;&lt;td colspan="3"&gt;&lt;video width="1280" height="720" controls&gt;&lt;source src="browser/video/videos/944f88c467e62c17c6f2dbc1af9219d0.webm" type="video/webm"&gt;&lt;/video&gt;</msg>
<arg>${BASE_URL}</arg>
<tag>BrowserControl</tag>
<tag>Setter</tag>
<doc>Open a new Page.</doc>
<status status="PASS" start="2025-04-03T12:34:15.395131" elapsed="0.332609"/>
</kw>
<status status="PASS" start="2025-04-03T12:34:15.150763" elapsed="0.577512"/>
</kw>
<kw name="Generate Words" owner="utils">
<msg time="2025-04-03T12:34:15.729032" level="INFO">${description} = consequatur assumenda eos officia iusto</msg>
<var>${description}</var>
<arg>5</arg>
<status status="PASS" start="2025-04-03T12:34:15.728647" elapsed="0.000466"/>
</kw>
<kw name="Name" owner="FakerLibrary">
<msg time="2025-04-03T12:34:15.729875" level="INFO">${name} = Ágatha Vieira</msg>
<var>${name}</var>
<doc>:example: 'John Doe'</doc>
<status status="PASS" start="2025-04-03T12:34:15.729570" elapsed="0.000341"/>
</kw>
<kw name="Dado que estou na página inicial" owner="HomePage">
<kw name="Wait For Elements State" owner="Browser">
<msg time="2025-04-03T12:34:15.780522" level="INFO">Waited for Element with selector css=h1 &gt;&gt; text=Test Pick at state visible</msg>
<arg>${homePage.title}</arg>
<arg>visible</arg>
<tag>PageContent</tag>
<tag>Wait</tag>
<doc>Waits for the element found by ``selector`` to satisfy state option.</doc>
<status status="PASS" start="2025-04-03T12:34:15.730734" elapsed="0.050083"/>
</kw>
<status status="PASS" start="2025-04-03T12:34:15.730342" elapsed="0.051448"/>
</kw>
<kw name="E selecione um framework &quot;Cypress&quot;" owner="HomePage" source_name="E selecione um framework ${framework}">
<kw name="Click" owner="Browser">
<msg time="2025-04-03T12:34:15.783509" level="INFO">Clicks the element 'css=[data-testid="select-framework"]'.</msg>
<arg>${homePage.selectFramework}</arg>
<tag>PageContent</tag>
<tag>Setter</tag>
<doc>Simulates mouse click on the element found by ``selector``.</doc>
<status status="PASS" start="2025-04-03T12:34:15.782584" elapsed="0.055943"/>
</kw>
<kw name="Set Variable" owner="BuiltIn">
<msg time="2025-04-03T12:34:15.840055" level="INFO">${frameworkOptions} = css=div[role="option"] &gt;&gt; text="Cypress"</msg>
<var>${frameworkOptions}</var>
<arg>${homePage.selectFrameworkOptions} &gt;&gt; text=${framework}</arg>
<doc>Returns the given values which can then be assigned to a variables.</doc>
<status status="PASS" start="2025-04-03T12:34:15.839169" elapsed="0.000926"/>
</kw>
<kw name="Wait For Elements State" owner="Browser">
<msg time="2025-04-03T12:34:15.845726" level="INFO">Waited for Element with selector css=div[role="option"] &gt;&gt; text="Cypress" at state visible</msg>
<arg>${frameworkOptions}</arg>
<arg>visible</arg>
<tag>PageContent</tag>
<tag>Wait</tag>
<doc>Waits for the element found by ``selector`` to satisfy state option.</doc>
<status status="PASS" start="2025-04-03T12:34:15.840482" elapsed="0.005473"/>
</kw>
<kw name="Click" owner="Browser">
<msg time="2025-04-03T12:34:15.847172" level="INFO">Clicks the element 'css=div[role="option"] &gt;&gt; text="Cypress"'.</msg>
<arg>${frameworkOptions}</arg>
<tag>PageContent</tag>
<tag>Setter</tag>
<doc>Simulates mouse click on the element found by ``selector``.</doc>
<status status="PASS" start="2025-04-03T12:34:15.846596" elapsed="0.252714"/>
</kw>
<status status="PASS" start="2025-04-03T12:34:15.782154" elapsed="0.317569"/>
</kw>
<kw name="E preencha o texto de descrição ${description}" owner="HomePage" source_name="E preencha o texto de descrição ${description}">
<kw name="Click" owner="Browser">
<msg time="2025-04-03T12:34:16.101695" level="INFO">Clicks the element 'css=#description'.</msg>
<arg>${homePage.textAreaDescription}</arg>
<tag>PageContent</tag>
<tag>Setter</tag>
<doc>Simulates mouse click on the element found by ``selector``.</doc>
<status status="PASS" start="2025-04-03T12:34:16.100606" elapsed="0.041991"/>
</kw>
<kw name="Wait For Elements State" owner="Browser">
<msg time="2025-04-03T12:34:16.148146" level="INFO">Waited for Element with selector css=#description at state visible</msg>
<arg>${homePage.textAreaDescription}</arg>
<arg>visible</arg>
<tag>PageContent</tag>
<tag>Wait</tag>
<doc>Waits for the element found by ``selector`` to satisfy state option.</doc>
<status status="PASS" start="2025-04-03T12:34:16.143035" elapsed="0.005290"/>
</kw>
<kw name="Fill Text" owner="Browser">
<msg time="2025-04-03T12:34:16.149320" level="INFO">Fills the text 'consequatur assumenda eos officia iusto' in the given field.</msg>
<arg>${homePage.textAreaDescription}</arg>
<arg>${description}</arg>
<tag>PageContent</tag>
<tag>Setter</tag>
<doc>Clears and fills the given ``txt`` into the text field found by ``selector``.</doc>
<status status="PASS" start="2025-04-03T12:34:16.148767" elapsed="0.014174"/>
</kw>
<status status="PASS" start="2025-04-03T12:34:16.099991" elapsed="0.063334"/>
</kw>
<kw name="E informe o nome do usuário ${name}" owner="HomePage" source_name="E informe o nome do usuário ${name}">
<kw name="Click" owner="Browser">
<msg time="2025-04-03T12:34:16.164728" level="INFO">Clicks the element 'css=.email[placeholder="Digite seu e-mail"]'.</msg>
<arg>${homePage.inputEmail}</arg>
<tag>PageContent</tag>
<tag>Setter</tag>
<doc>Simulates mouse click on the element found by ``selector``.</doc>
<status status="PASS" start="2025-04-03T12:34:16.164019" elapsed="0.049222"/>
</kw>
<kw name="Wait For Elements State" owner="Browser">
<msg time="2025-04-03T12:34:16.223871" level="INFO">Waited for Element with selector css=[name="name"] at state visible</msg>
<arg>${homePage.inputName}</arg>
<arg>visible</arg>
<tag>PageContent</tag>
<tag>Wait</tag>
<doc>Waits for the element found by ``selector`` to satisfy state option.</doc>
<status status="PASS" start="2025-04-03T12:34:16.213773" elapsed="0.010325"/>
</kw>
<kw name="Fill Text" owner="Browser">
<msg time="2025-04-03T12:34:16.225256" level="INFO">Fills the text 'Ágatha Vieira' in the given field.</msg>
<arg>${homePage.inputName}</arg>
<arg>${name}</arg>
<tag>PageContent</tag>
<tag>Setter</tag>
<doc>Clears and fills the given ``txt`` into the text field found by ``selector``.</doc>
<status status="PASS" start="2025-04-03T12:34:16.224630" elapsed="0.015488"/>
</kw>
<status status="PASS" start="2025-04-03T12:34:16.163644" elapsed="0.076859"/>
</kw>
<kw name="Quando clicar no botão enviar" owner="HomePage">
<kw name="Wait For Elements State" owner="Browser">
<msg time="2025-04-03T12:34:16.244808" level="INFO">Waited for Element with selector css=button &gt;&gt; text=Enviar at state visible</msg>
<arg>${homePage.buttonSubmit}</arg>
<arg>visible</arg>
<tag>PageContent</tag>
<tag>Wait</tag>
<doc>Waits for the element found by ``selector`` to satisfy state option.</doc>
<status status="PASS" start="2025-04-03T12:34:16.240993" elapsed="0.003947"/>
</kw>
<kw name="Click" owner="Browser">
<msg time="2025-04-03T12:34:16.246001" level="INFO">Clicks the element 'css=button &gt;&gt; text=Enviar'.</msg>
<arg>${homePage.buttonSubmit}</arg>
<tag>PageContent</tag>
<tag>Setter</tag>
<doc>Simulates mouse click on the element found by ``selector``.</doc>
<status status="PASS" start="2025-04-03T12:34:16.245332" elapsed="0.053519"/>
</kw>
<status status="PASS" start="2025-04-03T12:34:16.240743" elapsed="0.058650"/>
</kw>
<kw name="Então exibi a mensagem" owner="HomePage">
<kw name="Set Variable" owner="BuiltIn">
<msg time="2025-04-03T12:34:16.300609" level="INFO">${message} = css=p &gt;&gt; text=E-mail inválido</msg>
<var>${message}</var>
<arg>css=p &gt;&gt; text=${expected_message}</arg>
<doc>Returns the given values which can then be assigned to a variables.</doc>
<status status="PASS" start="2025-04-03T12:34:16.300306" elapsed="0.000331"/>
</kw>
<kw name="Wait For Elements State" owner="Browser">
<msg time="2025-04-03T12:34:16.310093" level="INFO">Waited for Element with selector css=p &gt;&gt; text=E-mail inválido at state visible</msg>
<arg>${message}</arg>
<arg>visible</arg>
<tag>PageContent</tag>
<tag>Wait</tag>
<doc>Waits for the element found by ``selector`` to satisfy state option.</doc>
<status status="PASS" start="2025-04-03T12:34:16.300970" elapsed="0.009294"/>
</kw>
<kw name="Get Text" owner="Browser">
<msg time="2025-04-03T12:34:16.339124" level="INFO">Text: 'E-mail inválido'</msg>
<msg time="2025-04-03T12:34:16.339522" level="INFO">${expected_message} = E-mail inválido</msg>
<var>${expected_message}</var>
<arg>${message}</arg>
<tag>Assertion</tag>
<tag>Getter</tag>
<tag>PageContent</tag>
<doc>Returns text attribute of the element found by ``selector``.</doc>
<status status="PASS" start="2025-04-03T12:34:16.310789" elapsed="0.028773"/>
</kw>
<arg>E-mail inválido</arg>
<status status="PASS" start="2025-04-03T12:34:16.299837" elapsed="0.040242"/>
</kw>
<kw name="Finish Browser" owner="OpenPage" type="TEARDOWN">
<kw name="Take Screenshot" owner="Browser">
<msg time="2025-04-03T12:34:16.457963" level="INFO" html="true">&lt;/td&gt;&lt;/tr&gt;&lt;tr&gt;&lt;td colspan="3"&gt;&lt;a href="browser/screenshot/robotframework-browser-screenshot-5.png" target="_blank"&gt;&lt;img src="browser/screenshot/robotframework-browser-screenshot-5.png" width="800px"/&gt;&lt;/a&gt;</msg>
<arg>fullPage=true</arg>
<tag>PageContent</tag>
<doc>Takes a screenshot of the current window or element and saves it to disk.</doc>
<status status="PASS" start="2025-04-03T12:34:16.341036" elapsed="0.117051"/>
</kw>
<kw name="Close Browser" owner="Browser">
<msg time="2025-04-03T12:34:16.563194" level="INFO">Closed browser</msg>
<tag>BrowserControl</tag>
<tag>Setter</tag>
<doc>Closes the current browser.</doc>
<status status="PASS" start="2025-04-03T12:34:16.458481" elapsed="0.104849"/>
</kw>
<status status="PASS" start="2025-04-03T12:34:16.340664" elapsed="0.223047"/>
</kw>
<doc>Campo e-mail vazio</doc>
<tag>name_empty</tag>
<status status="PASS" start="2025-04-03T12:34:15.148491" elapsed="1.415360"/>
</test>
<doc>suite de testes da página inicial</doc>
<status status="PASS" start="2025-04-03T12:34:05.992390" elapsed="10.575998"/>
</suite>
<status status="PASS" start="2025-04-03T12:34:05.984517" elapsed="10.594966"/>
</suite>
<statistics>
<total>
<stat pass="5" fail="0" skip="0">All Tests</stat>
</total>
<tag>
<stat pass="1" fail="0" skip="0">description_empty</stat>
<stat pass="2" fail="0" skip="0">name_empty</stat>
<stat pass="1" fail="0" skip="0">not_select_framework</stat>
<stat pass="1" fail="0" skip="0">success</stat>
</tag>
<suite>
<stat pass="5" fail="0" skip="0" id="s1" name="Tests">Tests</stat>
<stat pass="5" fail="0" skip="0" id="s1-s1" name="HomePage">Tests.HomePage</stat>
</suite>
</statistics>
<errors>
</errors>
</robot>
